<?xml version="1.0" encoding="UTF-8"?>
<!-- Generated by org.testng.reporters.JUnitXMLReporter -->
<testsuite hostname="DESKTOP-7SFELJ4" ignored="0" name="Test" tests="2" failures="1" timestamp="2020-07-14T13:43:12 CEST" time="9.8" errors="0">
  <testcase name="AddToCart" time="0.006" classname="login.DashYourCartTest">
    <failure type="java.lang.Error" message="Unresolved compilation problem: 
	The method clickAddToCart() is undefined for the type SauceLoginPage
">
      <![CDATA[java.lang.Error: Unresolved compilation problem: 
The method clickAddToCart() is undefined for the type SauceLoginPage

at login.DashYourCartTest.AddToCart(DashYourCartTest.java:33)
at java.util.ArrayList.forEach(Unknown Source)
... Removed 27 stack frames]]>
    </failure>
  </testcase> <!-- AddToCart -->
  <testcase name="LogInToDashboard" time="1.418" classname="login.DashYourCartTest"/>
</testsuite> <!-- Test -->
