<?xml version="1.0" encoding="UTF-8"?>
<testng-results skipped="0" failed="0" ignored="0" total="1" passed="1">
  <reporter-output>
  </reporter-output>
  <suite name="Default suite" duration-ms="8263" started-at="2020-07-15T23:25:24 CEST" finished-at="2020-07-15T23:25:32 CEST">
    <groups>
    </groups>
    <test name="Default test" duration-ms="8263" started-at="2020-07-15T23:25:24 CEST" finished-at="2020-07-15T23:25:32 CEST">
      <class name="login.LoginNoPasswordTest">
        <test-method status="PASS" signature="setUp()[pri:0, instance:login.LoginNoPasswordTest@30b8a058]" name="setUp" is-config="true" duration-ms="7604" started-at="2020-07-15T23:25:24 CEST" finished-at="2020-07-15T23:25:31 CEST">
          <reporter-output>
          </reporter-output>
        </test-method> <!-- setUp -->
        <test-method status="PASS" signature="verifyNoPasswordNotLoggedIn()[pri:0, instance:login.LoginNoPasswordTest@30b8a058]" name="verifyNoPasswordNotLoggedIn" duration-ms="613" started-at="2020-07-15T23:25:32 CEST" finished-at="2020-07-15T23:25:32 CEST">
          <reporter-output>
          </reporter-output>
        </test-method> <!-- verifyNoPasswordNotLoggedIn -->
      </class> <!-- login.LoginNoPasswordTest -->
    </test> <!-- Default test -->
  </suite> <!-- Default suite -->
</testng-results>
